0 info it worked if it ends with ok
1 verbose cli [ '/usr/bin/nodejs', '/usr/bin/npm', 'start' ]
2 info using npm@3.10.9
3 info using node@v6.9.2
4 verbose run-script [ 'prestart', 'start', 'poststart' ]
5 info lifecycle notifier@1.0.0~prestart: notifier@1.0.0
6 silly lifecycle notifier@1.0.0~prestart: no script for prestart, continuing
7 info lifecycle notifier@1.0.0~start: notifier@1.0.0
8 verbose lifecycle notifier@1.0.0~start: unsafe-perm in lifecycle true
9 verbose lifecycle notifier@1.0.0~start: PATH: /usr/lib/node_modules/npm/bin/node-gyp-bin:/home/yogesh/Documents/Recruitment/Projects/Notifier/node_modules/.bin:/home/yogesh/.dnx/runtimes/dnx-coreclr-linux-x64.1.0.0-rc1-update2/bin:/home/yogesh/.dnx/bin:/usr/local/sbin:/usr/local/bin:/usr/sbin:/usr/bin:/sbin:/bin:/usr/games:/usr/local/games:/home/yogesh/bin:/usr/local/java/jdk1.8.0_40/bin:/home/yogesh/Android/Sdk/tools:/home/yogesh/Android/Sdk/platform-tools
10 verbose lifecycle notifier@1.0.0~start: CWD: /home/yogesh/Documents/Recruitment/Projects/Notifier
11 silly lifecycle notifier@1.0.0~start: Args: [ '-c', 'node server.js' ]
12 silly lifecycle notifier@1.0.0~start: Returned: code: 1  signal: null
13 info lifecycle notifier@1.0.0~start: Failed to exec start script
14 verbose stack Error: notifier@1.0.0 start: `node server.js`
14 verbose stack Exit status 1
14 verbose stack     at EventEmitter.<anonymous> (/usr/lib/node_modules/npm/lib/utils/lifecycle.js:255:16)
14 verbose stack     at emitTwo (events.js:106:13)
14 verbose stack     at EventEmitter.emit (events.js:191:7)
14 verbose stack     at ChildProcess.<anonymous> (/usr/lib/node_modules/npm/lib/utils/spawn.js:40:14)
14 verbose stack     at emitTwo (events.js:106:13)
14 verbose stack     at ChildProcess.emit (events.js:191:7)
14 verbose stack     at maybeClose (internal/child_process.js:877:16)
14 verbose stack     at Process.ChildProcess._handle.onexit (internal/child_process.js:226:5)
15 verbose pkgid notifier@1.0.0
16 verbose cwd /home/yogesh/Documents/Recruitment/Projects/Notifier
17 error Linux 3.16.0-77-generic
18 error argv "/usr/bin/nodejs" "/usr/bin/npm" "start"
19 error node v6.9.2
20 error npm  v3.10.9
21 error code ELIFECYCLE
22 error notifier@1.0.0 start: `node server.js`
22 error Exit status 1
23 error Failed at the notifier@1.0.0 start script 'node server.js'.
23 error Make sure you have the latest version of node.js and npm installed.
23 error If you do, this is most likely a problem with the notifier package,
23 error not with npm itself.
23 error Tell the author that this fails on your system:
23 error     node server.js
23 error You can get information on how to open an issue for this project with:
23 error     npm bugs notifier
23 error Or if that isn't available, you can get their info via:
23 error     npm owner ls notifier
23 error There is likely additional logging output above.
24 verbose exit [ 1, true ]
